Using pre-set license
Built from '2020.3/staging' branch; Version is '2020.3.9f1 (108be757e447) revision 1084391'; Using compiler version '192528614'; Build Type 'Release'
OS: 'Windows 10 Home; OS build 19042.631; Version 2009; 64bit' Language: 'ko' Physical Memory: 32654 MB
BatchMode: 1, IsHumanControllingUs: 0, StartBugReporterOnCrash: 0, Is64bit: 1, IsPro: 0

 COMMAND LINE ARGUMENTS:
D:\2023_UnityA\Unity\Editor\Unity.exe
-adb2
-batchMode
-noUpm
-name
AssetImportWorker0
-projectPath
D:/2023_UnityA/etcProjects/01_2048/Workspace/Unity-Project-2048
-logFile
Logs/AssetImportWorker0.log
-srvPort
51626
Successfully changed project path to: D:/2023_UnityA/etcProjects/01_2048/Workspace/Unity-Project-2048
D:/2023_UnityA/etcProjects/01_2048/Workspace/Unity-Project-2048
Using Asset Import Pipeline V2.
Refreshing native plugins compatible for Editor in 55.82 ms, found 1 plugins.
Preloading 0 native plugins for Editor in 0.00 ms.
Initialize engine version: 2020.3.9f1 (108be757e447)
[Subsystems] Discovering subsystems at path D:/2023_UnityA/Unity/Editor/Data/Resources/UnitySubsystems
[Subsystems] Discovering subsystems at path D:/2023_UnityA/etcProjects/01_2048/Workspace/Unity-Project-2048/Assets
GfxDevice: creating device client; threaded=0
Direct3D:
    Version:  Direct3D 11.0 [level 11.1]
    Renderer: Intel(R) HD Graphics 630 (ID=0x5912)
    Vendor:   
    VRAM:     16327 MB
    Driver:   27.20.100.8935
Initialize mono
Mono path[0] = 'D:/2023_UnityA/Unity/Editor/Data/Managed'
Mono path[1] = 'D:/2023_UnityA/Unity/Editor/Data/MonoBleedingEdge/lib/mono/unityjit'
Mono config path = 'D:/2023_UnityA/Unity/Editor/Data/MonoBleedingEdge/etc'
Using monoOptions --debugger-agent=transport=dt_socket,embedding=1,server=y,suspend=n,address=127.0.0.1:56400
Begin MonoManager ReloadAssembly
Registering precompiled unity dll's ...
Register platform support module: D:/2023_UnityA/Unity/Editor/Data/PlaybackEngines/WindowsStandaloneSupport/UnityEditor.WindowsStandalone.Extensions.dll
Registered in 0.001152 seconds.
Native extension for WindowsStandalone target not found
Refreshing native plugins compatible for Editor in 108.39 ms, found 1 plugins.
Preloading 0 native plugins for Editor in 0.00 ms.
Mono: successfully reloaded assembly
- Completed reload, in  1.295 seconds
Platform modules already initialized, skipping
Registering precompiled user dll's ...
Registered in 0.000858 seconds.
Begin MonoManager ReloadAssembly
Native extension for WindowsStandalone target not found
Refreshing native plugins compatible for Editor in 74.16 ms, found 1 plugins.
Preloading 0 native plugins for Editor in 0.00 ms.
Mono: successfully reloaded assembly
- Completed reload, in  2.633 seconds
Platform modules already initialized, skipping
========================================================================
Worker process is ready to serve import requests
Launched and connected shader compiler UnityShaderCompiler.exe after 0.04 seconds
Refreshing native plugins compatible for Editor in 0.38 ms, found 1 plugins.
Preloading 0 native plugins for Editor in 0.00 ms.
Unloading 1810 Unused Serialized files (Serialized files now loaded: 0)
System memory in use before: 85.0 MB.
System memory in use after: 84.9 MB.

Unloading 24 unused Assets to reduce memory usage. Loaded Objects now: 2253.
Total: 2.495600 ms (FindLiveObjects: 0.183700 ms CreateObjectMapping: 0.065400 ms MarkObjects: 2.100500 ms  DeleteObjects: 0.144400 ms)

========================================================================
Received Import Request.
  path: Assets/Scripts/Moving.cs
  artifactKey: Guid(3d29453e1927ebe4b9b920fbfd54111e) Importer(815301076,1909f56bfc062723c751e8b465ee728b)
Start importing Assets/Scripts/Moving.cs using Guid(3d29453e1927ebe4b9b920fbfd54111e) Importer(815301076,1909f56bfc062723c751e8b465ee728b)  -> (artifact id: 'a214640a61aea2c6d233ec9677c2095d') in 0.031382 seconds
  Import took 0.035284 seconds .

========================================================================
Received Prepare
Registering precompiled user dll's ...
Registered in 0.000771 seconds.
Begin MonoManager ReloadAssembly
Native extension for WindowsStandalone target not found
Refreshing native plugins compatible for Editor in 0.42 ms, found 1 plugins.
Preloading 0 native plugins for Editor in 0.00 ms.
Mono: successfully reloaded assembly
- Completed reload, in  0.911 seconds
Platform modules already initialized, skipping
Refreshing native plugins compatible for Editor in 0.37 ms, found 1 plugins.
Preloading 0 native plugins for Editor in 0.00 ms.
Unloading 1805 Unused Serialized files (Serialized files now loaded: 0)
System memory in use before: 84.9 MB.
System memory in use after: 84.9 MB.

Unloading 12 unused Assets to reduce memory usage. Loaded Objects now: 2257.
Total: 2.219200 ms (FindLiveObjects: 0.199400 ms CreateObjectMapping: 0.066100 ms MarkObjects: 1.814600 ms  DeleteObjects: 0.138100 ms)

========================================================================
Received Import Request.
  Time since last request: 75.409729 seconds.
  path: Assets/Scripts/Moving.cs
  artifactKey: Guid(3d29453e1927ebe4b9b920fbfd54111e) Importer(815301076,1909f56bfc062723c751e8b465ee728b)
Start importing Assets/Scripts/Moving.cs using Guid(3d29453e1927ebe4b9b920fbfd54111e) Importer(815301076,1909f56bfc062723c751e8b465ee728b)  -> (artifact id: '206e03d6e085f0ac6d4754bd9307e7fd') in 0.005574 seconds
  Import took 0.008639 seconds .

========================================================================
Received Prepare
Registering precompiled user dll's ...
Registered in 0.000837 seconds.
Begin MonoManager ReloadAssembly
Native extension for WindowsStandalone target not found
Refreshing native plugins compatible for Editor in 0.43 ms, found 1 plugins.
Preloading 0 native plugins for Editor in 0.00 ms.
Mono: successfully reloaded assembly
- Completed reload, in  0.865 seconds
Platform modules already initialized, skipping
Refreshing native plugins compatible for Editor in 0.36 ms, found 1 plugins.
Preloading 0 native plugins for Editor in 0.00 ms.
Unloading 1805 Unused Serialized files (Serialized files now loaded: 0)
System memory in use before: 85.0 MB.
System memory in use after: 84.9 MB.

Unloading 12 unused Assets to reduce memory usage. Loaded Objects now: 2261.
Total: 2.334500 ms (FindLiveObjects: 0.238700 ms CreateObjectMapping: 0.063600 ms MarkObjects: 1.868700 ms  DeleteObjects: 0.162400 ms)

========================================================================
Received Import Request.
  Time since last request: 136.215667 seconds.
  path: Assets/Resources/Prefabs
  artifactKey: Guid(a2baae2c646e06249854b15a6053fc58) Importer(815301076,1909f56bfc062723c751e8b465ee728b)
Start importing Assets/Resources/Prefabs using Guid(a2baae2c646e06249854b15a6053fc58) Importer(815301076,1909f56bfc062723c751e8b465ee728b)  -> (artifact id: 'cf51cf6d41a5195f2edec3f9c33aa964') in 0.008654 seconds
  Import took 0.012009 seconds .

========================================================================
Received Import Request.
  Time since last request: 0.067252 seconds.
  path: Assets/Resources/Prefabs/n_0.prefab
  artifactKey: Guid(84422c4e24a445e4c8e5eee4cfff6246) Importer(815301076,1909f56bfc062723c751e8b465ee728b)
Start importing Assets/Resources/Prefabs/n_0.prefab using Guid(84422c4e24a445e4c8e5eee4cfff6246) Importer(815301076,1909f56bfc062723c751e8b465ee728b)  -> (artifact id: 'a7d3325e97da96663a64e6d16fce451d') in 0.147622 seconds
  Import took 0.151266 seconds .

========================================================================
Received Import Request.
  Time since last request: 0.000280 seconds.
  path: Assets/Resources/Prefabs/n_11.prefab
  artifactKey: Guid(1b45f5163d73bcb40a38ad3099c2f2e1) Importer(815301076,1909f56bfc062723c751e8b465ee728b)
Start importing Assets/Resources/Prefabs/n_11.prefab using Guid(1b45f5163d73bcb40a38ad3099c2f2e1) Importer(815301076,1909f56bfc062723c751e8b465ee728b)  -> (artifact id: '7f87c3ffc3ebe8b8c2b4e85518c726d2') in 0.026617 seconds
  Import took 0.029736 seconds .

========================================================================
Received Import Request.
  Time since last request: 0.000278 seconds.
  path: Assets/Resources/Prefabs/n_3.prefab
  artifactKey: Guid(382498b2afc14ff4eb94a84a7be3b23e) Importer(815301076,1909f56bfc062723c751e8b465ee728b)
Start importing Assets/Resources/Prefabs/n_3.prefab using Guid(382498b2afc14ff4eb94a84a7be3b23e) Importer(815301076,1909f56bfc062723c751e8b465ee728b)  -> (artifact id: '4271b7c5a7b87bfe594730d8533e37dd') in 0.024830 seconds
  Import took 0.028809 seconds .

========================================================================
Received Import Request.
  Time since last request: 0.000283 seconds.
  path: Assets/Resources/Prefabs/n_7.prefab
  artifactKey: Guid(eecf3a0a25c61ce4d97a342adf56eb2b) Importer(815301076,1909f56bfc062723c751e8b465ee728b)
Start importing Assets/Resources/Prefabs/n_7.prefab using Guid(eecf3a0a25c61ce4d97a342adf56eb2b) Importer(815301076,1909f56bfc062723c751e8b465ee728b)  -> (artifact id: '91c096a2dfdb147e46b447e6ac68c6b4') in 0.021052 seconds
  Import took 0.024793 seconds .

========================================================================
Received Import Request.
  Time since last request: 0.000452 seconds.
  path: Assets/Resources/Prefabs/n_9.prefab
  artifactKey: Guid(2c3559e0e707f1341a431c1e6823e968) Importer(815301076,1909f56bfc062723c751e8b465ee728b)
Start importing Assets/Resources/Prefabs/n_9.prefab using Guid(2c3559e0e707f1341a431c1e6823e968) Importer(815301076,1909f56bfc062723c751e8b465ee728b)  -> (artifact id: '236cb3294d138d1c0384cd4b12f14cfb') in 0.021772 seconds
  Import took 0.027045 seconds .

========================================================================
Received Import Request.
  Time since last request: 0.000240 seconds.
  path: Assets/Resources/Prefabs/n_8.prefab
  artifactKey: Guid(130d5912b5e1dee4eb213afcceae16d6) Importer(815301076,1909f56bfc062723c751e8b465ee728b)
Start importing Assets/Resources/Prefabs/n_8.prefab using Guid(130d5912b5e1dee4eb213afcceae16d6) Importer(815301076,1909f56bfc062723c751e8b465ee728b)  -> (artifact id: '022d0f110df63169eaa3ed1259a5f9b0') in 0.020037 seconds
  Import took 0.024421 seconds .

========================================================================
Received Import Request.
  Time since last request: 0.000291 seconds.
  path: Assets/Resources/Prefabs/n_1.prefab
  artifactKey: Guid(edd6eb5d9cd9e5441892cfdaf0c28fca) Importer(815301076,1909f56bfc062723c751e8b465ee728b)
Start importing Assets/Resources/Prefabs/n_1.prefab using Guid(edd6eb5d9cd9e5441892cfdaf0c28fca) Importer(815301076,1909f56bfc062723c751e8b465ee728b)  -> (artifact id: 'e4974dd01fa49dab73a1d866104ec91b') in 0.024062 seconds
  Import took 0.027580 seconds .

========================================================================
Received Import Request.
  Time since last request: 0.000175 seconds.
  path: Assets/Resources/Prefabs/n_2.prefab
  artifactKey: Guid(3daa6edc6f49c01429ec6347eff15296) Importer(815301076,1909f56bfc062723c751e8b465ee728b)
Start importing Assets/Resources/Prefabs/n_2.prefab using Guid(3daa6edc6f49c01429ec6347eff15296) Importer(815301076,1909f56bfc062723c751e8b465ee728b)  -> (artifact id: '286be1eb8e189e8a0553d8d8ce62fc47') in 0.019953 seconds
  Import took 0.023695 seconds .

========================================================================
Received Import Request.
  Time since last request: 0.000171 seconds.
  path: Assets/Resources/Prefabs/n_1.prefab
  artifactKey: Guid(edd6eb5d9cd9e5441892cfdaf0c28fca) Importer(815301076,1909f56bfc062723c751e8b465ee728b)
Start importing Assets/Resources/Prefabs/n_1.prefab using Guid(edd6eb5d9cd9e5441892cfdaf0c28fca) Importer(815301076,1909f56bfc062723c751e8b465ee728b)  -> (artifact id: 'e4974dd01fa49dab73a1d866104ec91b') in 0.024172 seconds
  Import took 0.027406 seconds .

========================================================================
Received Import Request.
  Time since last request: 0.000177 seconds.
  path: Assets/Resources/Prefabs/n_5.prefab
  artifactKey: Guid(429751c1f33acf943b74b44bf06956ab) Importer(815301076,1909f56bfc062723c751e8b465ee728b)
Start importing Assets/Resources/Prefabs/n_5.prefab using Guid(429751c1f33acf943b74b44bf06956ab) Importer(815301076,1909f56bfc062723c751e8b465ee728b)  -> (artifact id: '7c067f44f8159e46484d424ec89deaa8') in 0.022789 seconds
  Import took 0.026081 seconds .

========================================================================
Received Import Request.
  Time since last request: 0.000183 seconds.
  path: Assets/Resources/Prefabs/n_12.prefab
  artifactKey: Guid(c37b327fd02d55f429903f36aac10ca2) Importer(815301076,1909f56bfc062723c751e8b465ee728b)
Start importing Assets/Resources/Prefabs/n_12.prefab using Guid(c37b327fd02d55f429903f36aac10ca2) Importer(815301076,1909f56bfc062723c751e8b465ee728b)  -> (artifact id: '12b2c5c96aff0846d846d5173ee13acf') in 0.025333 seconds
  Import took 0.028827 seconds .

========================================================================
Received Import Request.
  Time since last request: 0.000171 seconds.
  path: Assets/Resources/Prefabs/n_6.prefab
  artifactKey: Guid(2fd67287ef4887144b09eb95842787a8) Importer(815301076,1909f56bfc062723c751e8b465ee728b)
Start importing Assets/Resources/Prefabs/n_6.prefab using Guid(2fd67287ef4887144b09eb95842787a8) Importer(815301076,1909f56bfc062723c751e8b465ee728b)  -> (artifact id: '212a051e0ac1d9b20d1fbbfafcf8a0ee') in 0.022640 seconds
  Import took 0.025952 seconds .

========================================================================
Received Import Request.
  Time since last request: 0.000184 seconds.
  path: Assets/Resources/Prefabs/n_10.prefab
  artifactKey: Guid(76890d73f0cf63e46b925d2245b56bdf) Importer(815301076,1909f56bfc062723c751e8b465ee728b)
Start importing Assets/Resources/Prefabs/n_10.prefab using Guid(76890d73f0cf63e46b925d2245b56bdf) Importer(815301076,1909f56bfc062723c751e8b465ee728b)  -> (artifact id: '8803123a4ef95974c6291498eb468643') in 0.022622 seconds
  Import took 0.026168 seconds .

========================================================================
Received Import Request.
  Time since last request: 0.000196 seconds.
  path: Assets/Resources/Prefabs/n_4.prefab
  artifactKey: Guid(6228e631cf0e2694d9a2ecc13b9b7adc) Importer(815301076,1909f56bfc062723c751e8b465ee728b)
Start importing Assets/Resources/Prefabs/n_4.prefab using Guid(6228e631cf0e2694d9a2ecc13b9b7adc) Importer(815301076,1909f56bfc062723c751e8b465ee728b)  -> (artifact id: '879cad199196f26cd0dbce8102e70c59') in 0.022570 seconds
  Import took 0.026057 seconds .

========================================================================
Received Prepare
Registering precompiled user dll's ...
Registered in 0.001025 seconds.
Begin MonoManager ReloadAssembly
Native extension for WindowsStandalone target not found
Refreshing native plugins compatible for Editor in 0.54 ms, found 1 plugins.
Preloading 0 native plugins for Editor in 0.00 ms.
Mono: successfully reloaded assembly
- Completed reload, in  0.991 seconds
Platform modules already initialized, skipping
Refreshing native plugins compatible for Editor in 0.37 ms, found 1 plugins.
Preloading 0 native plugins for Editor in 0.00 ms.
Unloading 1805 Unused Serialized files (Serialized files now loaded: 0)
System memory in use before: 88.2 MB.
System memory in use after: 88.2 MB.

Unloading 12 unused Assets to reduce memory usage. Loaded Objects now: 2272.
Total: 2.209200 ms (FindLiveObjects: 0.179600 ms CreateObjectMapping: 0.068900 ms MarkObjects: 1.820100 ms  DeleteObjects: 0.139500 ms)

========================================================================
Received Import Request.
  Time since last request: 834.202222 seconds.
  path: ProjectSettings/TagManager.asset
  artifactKey: Guid(00000000000000003000000000000000) Importer(815301076,1909f56bfc062723c751e8b465ee728b)
Start importing ProjectSettings/TagManager.asset using Guid(00000000000000003000000000000000) Importer(815301076,1909f56bfc062723c751e8b465ee728b)  -> (artifact id: '95df672b4aaba54310d34c83eef51bb8') in 0.019887 seconds
  Import took 0.023394 seconds .

========================================================================
Received Prepare
Registering precompiled user dll's ...
Registered in 0.000747 seconds.
Begin MonoManager ReloadAssembly
Native extension for WindowsStandalone target not found
Refreshing native plugins compatible for Editor in 0.38 ms, found 1 plugins.
Preloading 0 native plugins for Editor in 0.00 ms.
Mono: successfully reloaded assembly
- Completed reload, in  0.927 seconds
Platform modules already initialized, skipping
Refreshing native plugins compatible for Editor in 0.36 ms, found 1 plugins.
Preloading 0 native plugins for Editor in 0.00 ms.
Unloading 1805 Unused Serialized files (Serialized files now loaded: 0)
System memory in use before: 88.2 MB.
System memory in use after: 88.2 MB.

Unloading 13 unused Assets to reduce memory usage. Loaded Objects now: 2276.
Total: 2.244800 ms (FindLiveObjects: 0.197600 ms CreateObjectMapping: 0.070800 ms MarkObjects: 1.831800 ms  DeleteObjects: 0.143400 ms)

========================================================================
Received Prepare
Registering precompiled user dll's ...
Registered in 0.000788 seconds.
Begin MonoManager ReloadAssembly
Native extension for WindowsStandalone target not found
Refreshing native plugins compatible for Editor in 0.37 ms, found 1 plugins.
Preloading 0 native plugins for Editor in 0.00 ms.
Mono: successfully reloaded assembly
- Completed reload, in  0.834 seconds
Platform modules already initialized, skipping
Refreshing native plugins compatible for Editor in 0.36 ms, found 1 plugins.
Preloading 0 native plugins for Editor in 0.00 ms.
Unloading 1805 Unused Serialized files (Serialized files now loaded: 0)
System memory in use before: 88.2 MB.
System memory in use after: 88.2 MB.

Unloading 12 unused Assets to reduce memory usage. Loaded Objects now: 2280.
Total: 2.043900 ms (FindLiveObjects: 0.177600 ms CreateObjectMapping: 0.065900 ms MarkObjects: 1.664700 ms  DeleteObjects: 0.134800 ms)

========================================================================
Received Prepare
Registering precompiled user dll's ...
Registered in 0.000760 seconds.
Begin MonoManager ReloadAssembly
Native extension for WindowsStandalone target not found
Refreshing native plugins compatible for Editor in 0.37 ms, found 1 plugins.
Preloading 0 native plugins for Editor in 0.00 ms.
Mono: successfully reloaded assembly
- Completed reload, in  0.864 seconds
Platform modules already initialized, skipping
Refreshing native plugins compatible for Editor in 0.37 ms, found 1 plugins.
Preloading 0 native plugins for Editor in 0.00 ms.
Unloading 1805 Unused Serialized files (Serialized files now loaded: 0)
System memory in use before: 88.2 MB.
System memory in use after: 88.2 MB.

Unloading 12 unused Assets to reduce memory usage. Loaded Objects now: 2284.
Total: 2.182500 ms (FindLiveObjects: 0.210700 ms CreateObjectMapping: 0.057500 ms MarkObjects: 1.772400 ms  DeleteObjects: 0.140900 ms)

========================================================================
Received Prepare
Registering precompiled user dll's ...
Registered in 0.000758 seconds.
Begin MonoManager ReloadAssembly
Native extension for WindowsStandalone target not found
Refreshing native plugins compatible for Editor in 0.40 ms, found 1 plugins.
Preloading 0 native plugins for Editor in 0.00 ms.
Mono: successfully reloaded assembly
- Completed reload, in  0.865 seconds
Platform modules already initialized, skipping
Refreshing native plugins compatible for Editor in 0.36 ms, found 1 plugins.
Preloading 0 native plugins for Editor in 0.00 ms.
Unloading 1805 Unused Serialized files (Serialized files now loaded: 0)
System memory in use before: 88.3 MB.
System memory in use after: 88.2 MB.

Unloading 12 unused Assets to reduce memory usage. Loaded Objects now: 2288.
Total: 2.144700 ms (FindLiveObjects: 0.192100 ms CreateObjectMapping: 0.065300 ms MarkObjects: 1.722400 ms  DeleteObjects: 0.163900 ms)

========================================================================
Received Prepare
Registering precompiled user dll's ...
Registered in 0.000804 seconds.
Begin MonoManager ReloadAssembly
Native extension for WindowsStandalone target not found
Refreshing native plugins compatible for Editor in 0.38 ms, found 1 plugins.
Preloading 0 native plugins for Editor in 0.00 ms.
Mono: successfully reloaded assembly
- Completed reload, in  0.837 seconds
Platform modules already initialized, skipping
Refreshing native plugins compatible for Editor in 0.38 ms, found 1 plugins.
Preloading 0 native plugins for Editor in 0.00 ms.
Unloading 1805 Unused Serialized files (Serialized files now loaded: 0)
System memory in use before: 88.3 MB.
System memory in use after: 88.2 MB.

Unloading 12 unused Assets to reduce memory usage. Loaded Objects now: 2292.
Total: 2.207300 ms (FindLiveObjects: 0.198300 ms CreateObjectMapping: 0.066100 ms MarkObjects: 1.799800 ms  DeleteObjects: 0.141600 ms)

AssetImportWorkerClient::OnTransportError - code=2 error=End of file
