Using pre-set license
Built from '2020.3/staging' branch; Version is '2020.3.9f1 (108be757e447) revision 1084391'; Using compiler version '192528614'; Build Type 'Release'
OS: 'Windows 10 Home; OS build 19042.631; Version 2009; 64bit' Language: 'ko' Physical Memory: 32654 MB
BatchMode: 1, IsHumanControllingUs: 0, StartBugReporterOnCrash: 0, Is64bit: 1, IsPro: 0

 COMMAND LINE ARGUMENTS:
D:\2023_UnityA\Unity\Editor\Unity.exe
-adb2
-batchMode
-noUpm
-name
AssetImportWorker0
-projectPath
D:/2023_UnityA/etcProjects/01_2048/Workspace/Unity-Project-2048
-logFile
Logs/AssetImportWorker0.log
-srvPort
51000
Successfully changed project path to: D:/2023_UnityA/etcProjects/01_2048/Workspace/Unity-Project-2048
D:/2023_UnityA/etcProjects/01_2048/Workspace/Unity-Project-2048
Using Asset Import Pipeline V2.
Refreshing native plugins compatible for Editor in 57.15 ms, found 1 plugins.
Preloading 0 native plugins for Editor in 0.00 ms.
Initialize engine version: 2020.3.9f1 (108be757e447)
[Subsystems] Discovering subsystems at path D:/2023_UnityA/Unity/Editor/Data/Resources/UnitySubsystems
[Subsystems] Discovering subsystems at path D:/2023_UnityA/etcProjects/01_2048/Workspace/Unity-Project-2048/Assets
GfxDevice: creating device client; threaded=0
Direct3D:
    Version:  Direct3D 11.0 [level 11.1]
    Renderer: Intel(R) HD Graphics 630 (ID=0x5912)
    Vendor:   
    VRAM:     16327 MB
    Driver:   27.20.100.8935
Initialize mono
Mono path[0] = 'D:/2023_UnityA/Unity/Editor/Data/Managed'
Mono path[1] = 'D:/2023_UnityA/Unity/Editor/Data/MonoBleedingEdge/lib/mono/unityjit'
Mono config path = 'D:/2023_UnityA/Unity/Editor/Data/MonoBleedingEdge/etc'
Using monoOptions --debugger-agent=transport=dt_socket,embedding=1,server=y,suspend=n,address=127.0.0.1:56208
Begin MonoManager ReloadAssembly
Registering precompiled unity dll's ...
Register platform support module: D:/2023_UnityA/Unity/Editor/Data/PlaybackEngines/WindowsStandaloneSupport/UnityEditor.WindowsStandalone.Extensions.dll
Registered in 0.001136 seconds.
Native extension for WindowsStandalone target not found
Refreshing native plugins compatible for Editor in 51.90 ms, found 1 plugins.
Preloading 0 native plugins for Editor in 0.00 ms.
Mono: successfully reloaded assembly
- Completed reload, in  1.247 seconds
Platform modules already initialized, skipping
Registering precompiled user dll's ...
Registered in 0.000764 seconds.
Begin MonoManager ReloadAssembly
Native extension for WindowsStandalone target not found
Refreshing native plugins compatible for Editor in 42.20 ms, found 1 plugins.
Preloading 0 native plugins for Editor in 0.00 ms.
Mono: successfully reloaded assembly
- Completed reload, in  1.107 seconds
Platform modules already initialized, skipping
========================================================================
Worker process is ready to serve import requests
Launched and connected shader compiler UnityShaderCompiler.exe after 0.04 seconds
Refreshing native plugins compatible for Editor in 0.37 ms, found 1 plugins.
Preloading 0 native plugins for Editor in 0.00 ms.
Unloading 1810 Unused Serialized files (Serialized files now loaded: 0)
System memory in use before: 85.0 MB.
System memory in use after: 84.9 MB.

Unloading 24 unused Assets to reduce memory usage. Loaded Objects now: 2253.
Total: 3.008200 ms (FindLiveObjects: 0.264500 ms CreateObjectMapping: 0.092100 ms MarkObjects: 2.387600 ms  DeleteObjects: 0.262300 ms)

========================================================================
Received Import Request.
  path: Assets/Scripts/GameManager.cs
  artifactKey: Guid(e8b4456ae60f1474886b807cea3b6c5c) Importer(815301076,1909f56bfc062723c751e8b465ee728b)
Start importing Assets/Scripts/GameManager.cs using Guid(e8b4456ae60f1474886b807cea3b6c5c) Importer(815301076,1909f56bfc062723c751e8b465ee728b)  -> (artifact id: '41ec3fb223daed7f4b0cebe03ad780b1') in 0.028894 seconds
  Import took 0.031978 seconds .

========================================================================
Received Prepare
Registering precompiled user dll's ...
Registered in 0.000732 seconds.
Begin MonoManager ReloadAssembly
Native extension for WindowsStandalone target not found
Refreshing native plugins compatible for Editor in 0.38 ms, found 1 plugins.
Preloading 0 native plugins for Editor in 0.00 ms.
Mono: successfully reloaded assembly
- Completed reload, in  0.927 seconds
Platform modules already initialized, skipping
Refreshing native plugins compatible for Editor in 0.37 ms, found 1 plugins.
Preloading 0 native plugins for Editor in 0.00 ms.
Unloading 1805 Unused Serialized files (Serialized files now loaded: 0)
System memory in use before: 84.9 MB.
System memory in use after: 84.9 MB.

Unloading 12 unused Assets to reduce memory usage. Loaded Objects now: 2257.
Total: 2.070900 ms (FindLiveObjects: 0.171500 ms CreateObjectMapping: 0.068400 ms MarkObjects: 1.690600 ms  DeleteObjects: 0.139400 ms)

========================================================================
Received Import Request.
  Time since last request: 220.962568 seconds.
  path: Assets/Scripts/GameManager.cs
  artifactKey: Guid(e8b4456ae60f1474886b807cea3b6c5c) Importer(815301076,1909f56bfc062723c751e8b465ee728b)
Start importing Assets/Scripts/GameManager.cs using Guid(e8b4456ae60f1474886b807cea3b6c5c) Importer(815301076,1909f56bfc062723c751e8b465ee728b)  -> (artifact id: 'f5abc9af5fd241fe98f90a95c5cce970') in 0.004199 seconds
  Import took 0.007189 seconds .

========================================================================
Received Import Request.
  Time since last request: 63.667275 seconds.
  path: Assets/Animations/TxtPlus.controller
  artifactKey: Guid(f5297585acad3db4e8b3bd47bfaa7e95) Importer(815301076,1909f56bfc062723c751e8b465ee728b)
Start importing Assets/Animations/TxtPlus.controller using Guid(f5297585acad3db4e8b3bd47bfaa7e95) Importer(815301076,1909f56bfc062723c751e8b465ee728b)  -> (artifact id: 'e93252ec489248d133350d40fe556066') in 0.016858 seconds
  Import took 0.020229 seconds .

========================================================================
Received Prepare
Registering precompiled user dll's ...
Registered in 0.000777 seconds.
Begin MonoManager ReloadAssembly
Native extension for WindowsStandalone target not found
Refreshing native plugins compatible for Editor in 0.38 ms, found 1 plugins.
Preloading 0 native plugins for Editor in 0.00 ms.
Mono: successfully reloaded assembly
- Completed reload, in  0.916 seconds
Platform modules already initialized, skipping
Refreshing native plugins compatible for Editor in 0.49 ms, found 1 plugins.
Preloading 0 native plugins for Editor in 0.00 ms.
Unloading 1805 Unused Serialized files (Serialized files now loaded: 0)
System memory in use before: 85.0 MB.
System memory in use after: 84.9 MB.

Unloading 12 unused Assets to reduce memory usage. Loaded Objects now: 2261.
Total: 2.197400 ms (FindLiveObjects: 0.165200 ms CreateObjectMapping: 0.066700 ms MarkObjects: 1.824700 ms  DeleteObjects: 0.139900 ms)

========================================================================
Received Prepare
Registering precompiled user dll's ...
Registered in 0.000745 seconds.
Begin MonoManager ReloadAssembly
Native extension for WindowsStandalone target not found
Refreshing native plugins compatible for Editor in 0.46 ms, found 1 plugins.
Preloading 0 native plugins for Editor in 0.00 ms.
Mono: successfully reloaded assembly
- Completed reload, in  0.902 seconds
Platform modules already initialized, skipping
Refreshing native plugins compatible for Editor in 0.37 ms, found 1 plugins.
Preloading 0 native plugins for Editor in 0.00 ms.
Unloading 1805 Unused Serialized files (Serialized files now loaded: 0)
System memory in use before: 85.0 MB.
System memory in use after: 85.0 MB.

Unloading 12 unused Assets to reduce memory usage. Loaded Objects now: 2265.
Total: 2.180900 ms (FindLiveObjects: 0.167300 ms CreateObjectMapping: 0.060500 ms MarkObjects: 1.841900 ms  DeleteObjects: 0.110100 ms)

========================================================================
Received Prepare
Registering precompiled user dll's ...
Registered in 0.000757 seconds.
Begin MonoManager ReloadAssembly
Native extension for WindowsStandalone target not found
Refreshing native plugins compatible for Editor in 0.87 ms, found 1 plugins.
Preloading 0 native plugins for Editor in 0.00 ms.
Mono: successfully reloaded assembly
- Completed reload, in  1.067 seconds
Platform modules already initialized, skipping
Refreshing native plugins compatible for Editor in 0.54 ms, found 1 plugins.
Preloading 0 native plugins for Editor in 0.00 ms.
Unloading 1805 Unused Serialized files (Serialized files now loaded: 0)
System memory in use before: 85.0 MB.
System memory in use after: 85.0 MB.

Unloading 12 unused Assets to reduce memory usage. Loaded Objects now: 2269.
Total: 3.091800 ms (FindLiveObjects: 0.218300 ms CreateObjectMapping: 0.122400 ms MarkObjects: 2.595100 ms  DeleteObjects: 0.154300 ms)

========================================================================
Received Import Request.
  Time since last request: 152.312617 seconds.
  path: Assets/Animations/TxtPlus.controller
  artifactKey: Guid(f5297585acad3db4e8b3bd47bfaa7e95) Importer(815301076,1909f56bfc062723c751e8b465ee728b)
Start importing Assets/Animations/TxtPlus.controller using Guid(f5297585acad3db4e8b3bd47bfaa7e95) Importer(815301076,1909f56bfc062723c751e8b465ee728b)  -> (artifact id: '1a97869306ce1001420adc12e753aded') in 0.024410 seconds
  Import took 0.028757 seconds .

========================================================================
Received Import Request.
  Time since last request: 0.001888 seconds.
  path: Assets/Animations/TxtPlus.controller
  artifactKey: Guid(f5297585acad3db4e8b3bd47bfaa7e95) Importer(815301076,1909f56bfc062723c751e8b465ee728b)
Start importing Assets/Animations/TxtPlus.controller using Guid(f5297585acad3db4e8b3bd47bfaa7e95) Importer(815301076,1909f56bfc062723c751e8b465ee728b)  -> (artifact id: '1a97869306ce1001420adc12e753aded') in 0.003004 seconds
  Import took 0.006908 seconds .

========================================================================
Received Prepare
Registering precompiled user dll's ...
Registered in 0.000708 seconds.
Begin MonoManager ReloadAssembly
Native extension for WindowsStandalone target not found
Refreshing native plugins compatible for Editor in 0.42 ms, found 1 plugins.
Preloading 0 native plugins for Editor in 0.00 ms.
Mono: successfully reloaded assembly
- Completed reload, in  0.879 seconds
Platform modules already initialized, skipping
Refreshing native plugins compatible for Editor in 0.44 ms, found 1 plugins.
Preloading 0 native plugins for Editor in 0.00 ms.
Unloading 1805 Unused Serialized files (Serialized files now loaded: 0)
System memory in use before: 85.0 MB.
System memory in use after: 85.0 MB.

Unloading 12 unused Assets to reduce memory usage. Loaded Objects now: 2273.
Total: 2.555000 ms (FindLiveObjects: 0.175700 ms CreateObjectMapping: 0.066100 ms MarkObjects: 2.135500 ms  DeleteObjects: 0.176300 ms)

========================================================================
Received Prepare
Registering precompiled user dll's ...
Registered in 0.001572 seconds.
Begin MonoManager ReloadAssembly
Native extension for WindowsStandalone target not found
Refreshing native plugins compatible for Editor in 0.51 ms, found 1 plugins.
Preloading 0 native plugins for Editor in 0.00 ms.
Mono: successfully reloaded assembly
- Completed reload, in  0.887 seconds
Platform modules already initialized, skipping
Refreshing native plugins compatible for Editor in 0.37 ms, found 1 plugins.
Preloading 0 native plugins for Editor in 0.00 ms.
Unloading 1805 Unused Serialized files (Serialized files now loaded: 0)
System memory in use before: 85.0 MB.
System memory in use after: 85.0 MB.

Unloading 12 unused Assets to reduce memory usage. Loaded Objects now: 2277.
Total: 2.254300 ms (FindLiveObjects: 0.171400 ms CreateObjectMapping: 0.062800 ms MarkObjects: 1.855200 ms  DeleteObjects: 0.163800 ms)

========================================================================
Received Prepare
Registering precompiled user dll's ...
Registered in 0.000714 seconds.
Begin MonoManager ReloadAssembly
Native extension for WindowsStandalone target not found
Refreshing native plugins compatible for Editor in 0.38 ms, found 1 plugins.
Preloading 0 native plugins for Editor in 0.00 ms.
Mono: successfully reloaded assembly
- Completed reload, in  0.881 seconds
Platform modules already initialized, skipping
Refreshing native plugins compatible for Editor in 0.37 ms, found 1 plugins.
Preloading 0 native plugins for Editor in 0.00 ms.
Unloading 1805 Unused Serialized files (Serialized files now loaded: 0)
System memory in use before: 85.0 MB.
System memory in use after: 85.0 MB.

Unloading 12 unused Assets to reduce memory usage. Loaded Objects now: 2281.
Total: 2.261600 ms (FindLiveObjects: 0.182800 ms CreateObjectMapping: 0.070300 ms MarkObjects: 1.854700 ms  DeleteObjects: 0.152600 ms)

========================================================================
Received Prepare
Registering precompiled user dll's ...
Registered in 0.000764 seconds.
Begin MonoManager ReloadAssembly
Native extension for WindowsStandalone target not found
Refreshing native plugins compatible for Editor in 0.40 ms, found 1 plugins.
Preloading 0 native plugins for Editor in 0.00 ms.
Mono: successfully reloaded assembly
- Completed reload, in  0.879 seconds
Platform modules already initialized, skipping
Refreshing native plugins compatible for Editor in 0.37 ms, found 1 plugins.
Preloading 0 native plugins for Editor in 0.00 ms.
Unloading 1805 Unused Serialized files (Serialized files now loaded: 0)
System memory in use before: 85.0 MB.
System memory in use after: 85.0 MB.

Unloading 12 unused Assets to reduce memory usage. Loaded Objects now: 2285.
Total: 2.191300 ms (FindLiveObjects: 0.179900 ms CreateObjectMapping: 0.070500 ms MarkObjects: 1.775400 ms  DeleteObjects: 0.164500 ms)

AssetImportWorkerClient::OnTransportError - code=2 error=End of file
